%!Adobe-FontList 1.16
%Locale:0x40c

%BeginFont
Handler:DirectoryHandler
FontType:TrueType
FontName:BigNoodleTitling
FamilyName:BigNoodleTitling
StyleName:Regular
FullName:BigNoodleTitling
MenuName:BigNoodleTitling
StyleBits:0
WritingScript:Roman
OutlineFileName:C:\Users\Jérémy\Desktop\Dossier Sans titre-2\Document fonts\big_noodle_titling.ttf
DataFormat:sfntData
FileLength:26828
FileModTime:1058051934
WeightClass:400
WidthClass:5
AngleClass:0
NameArray:0,Mac,18,BigNoodleTitling
NameArray:0,Mac,4,BigNoodleTitling
NameArray:0,Win,1,BigNoodleTitling
NameArray:0,Win,16,BigNoodleTitling
%EndFont

